<?xml version="1.0" encoding="UTF-8"?>
<!-- Generated by org.testng.reporters.JUnitXMLReporter -->
<testsuite ignored="0" hostname="DESKTOP-PQUK46L" failures="0" tests="5" name="MachineTesting" time="127.374" errors="0" timestamp="2023-09-30T13:09:57 IST">
  <testcase classname="MachinT.LoginTest" name="OpenBrow" time="66.746"/>
  <testcase classname="MachinT.LoginTest" name="LoginTest" time="45.202"/>
  <testcase classname="MachinT.LoginTest" name="Popup" time="9.201"/>
  <testcase classname="MachinT.LoginTest" name="AddU" time="3.111"/>
  <testcase classname="MachinT.LoginTest" name="AddUser" time="3.014"/>
</testsuite> <!-- MachineTesting -->
