<?xml version="1.0" encoding="UTF-8"?>
<testng-results ignored="0" total="5" passed="5" failed="0" skipped="0">
  <reporter-output>
  </reporter-output>
  <suite started-at="2023-09-30T13:07:48 IST" name="Mandar Test Automation Suite" finished-at="2023-09-30T13:09:55 IST" duration-ms="127374">
    <groups>
    </groups>
    <test started-at="2023-09-30T13:07:48 IST" name="MachineTesting" finished-at="2023-09-30T13:09:55 IST" duration-ms="127374">
      <class name="MachinT.LoginTest">
        <test-method signature="OpenBrow(java.lang.String,java.lang.String)[pri:0, instance:MachinT.LoginTest@a530d0a]" started-at="2023-09-30T13:07:48 IST" name="OpenBrow" finished-at="2023-09-30T13:08:55 IST" duration-ms="66746" status="PASS">
          <params>
            <param index="0">
              <value>
                <![CDATA[chrome]]>
              </value>
            </param>
            <param index="1">
              <value>
                <![CDATA[https://testffc.nimapinfotech.com/auth/login]]>
              </value>
            </param>
          </params>
          <reporter-output>
          </reporter-output>
        </test-method> <!-- OpenBrow -->
        <test-method signature="LoginTest(java.lang.String,java.lang.String)[pri:1, instance:MachinT.LoginTest@a530d0a]" started-at="2023-09-30T13:08:55 IST" name="LoginTest" finished-at="2023-09-30T13:09:40 IST" duration-ms="45202" status="PASS">
          <params>
            <param index="0">
              <value>
                <![CDATA[mandarc89@gmail.com]]>
              </value>
            </param>
            <param index="1">
              <value>
                <![CDATA[12345678]]>
              </value>
            </param>
          </params>
          <reporter-output>
          </reporter-output>
        </test-method> <!-- LoginTest -->
        <test-method signature="Popup()[pri:2, instance:MachinT.LoginTest@a530d0a]" started-at="2023-09-30T13:09:40 IST" name="Popup" finished-at="2023-09-30T13:09:49 IST" duration-ms="9201" status="PASS">
          <reporter-output>
          </reporter-output>
        </test-method> <!-- Popup -->
        <test-method signature="AddU()[pri:3, instance:MachinT.LoginTest@a530d0a]" started-at="2023-09-30T13:09:49 IST" name="AddU" finished-at="2023-09-30T13:09:52 IST" duration-ms="3111" status="PASS">
          <reporter-output>
          </reporter-output>
        </test-method> <!-- AddU -->
        <test-method signature="AddUser(java.lang.String,java.lang.String,java.lang.String,java.lang.String,java.lang.String,java.lang.String,java.lang.String)[pri:4, instance:MachinT.LoginTest@a530d0a]" started-at="2023-09-30T13:09:52 IST" name="AddUser" finished-at="2023-09-30T13:09:55 IST" duration-ms="3014" status="PASS">
          <params>
            <param index="0">
              <value>
                <![CDATA[Vikas Naybal]]>
              </value>
            </param>
            <param index="1">
              <value>
                <![CDATA[18]]>
              </value>
            </param>
            <param index="2">
              <value>
                <![CDATA[Mandar Choudhari]]>
              </value>
            </param>
            <param index="3">
              <value>
                <![CDATA[9923542318]]>
              </value>
            </param>
            <param index="4">
              <value>
                <![CDATA[vikas9923@gmail.com]]>
              </value>
            </param>
            <param index="5">
              <value>
                <![CDATA[Tester]]>
              </value>
            </param>
            <param index="6">
              <value>
                <![CDATA[Karve Nagar, Pune, Maharashtra 411052, India]]>
              </value>
            </param>
          </params>
          <reporter-output>
          </reporter-output>
        </test-method> <!-- AddUser -->
      </class> <!-- MachinT.LoginTest -->
    </test> <!-- MachineTesting -->
  </suite> <!-- Mandar Test Automation Suite -->
</testng-results>
